<?xml version="1.0" encoding="UTF-8"?>
<!-- Generated by org.testng.reporters.JUnitXMLReporter -->
<testsuite ignored="0" hostname="DESKTOP-0P130AG" failures="0" tests="5" name="Default test" time="2.436" errors="0" timestamp="2025-02-09T17:50:54 IST">
  <testcase classname="StartFeb.NewFeb.BitCoinRestApiTestFeb" name="BitCoinLogAllInfo" time="1.163"/>
  <testcase classname="StartFeb.NewFeb.BitCoinRestApiTestFeb" name="BitCoinResponseTime" time="0.207"/>
  <testcase classname="StartFeb.NewFeb.BitCoinRestApiTestFeb" name="GBPDescription" time="0.6"/>
  <testcase classname="StartFeb.NewFeb.BitCoinRestApiTestFeb" name="SendGetRequest" time="0.234"/>
  <testcase classname="StartFeb.NewFeb.BitCoinRestApiTestFeb" name="VerifyResponseForCurrency" time="0.191"/>
</testsuite> <!-- Default test -->
